2012-08-15 11:22:33,582 [http-bio-8080-exec-9] ERROR StackTrace  - Full Stack Trace:
java.lang.IllegalStateException: Not supported.
	at org.apache.catalina.connector.Request.startAsync(Request.java:1664)
	at org.apache.catalina.connector.Request.startAsync(Request.java:1657)
	at org.apache.catalina.connector.RequestFacade.startAsync(RequestFacade.java:1023)
	at org.eclipse.jetty.continuation.Servlet3Continuation.suspend(Servlet3Continuation.java:172)
	at org.cometd.server.transport.LongPollingTransport.handle(LongPollingTransport.java:288)
	at org.cometd.server.CometdServlet.service(CometdServlet.java:181)
	at javax.servlet.http.HttpServlet.service(HttpServlet.java:722)
	at org.apache.catalina.core.ApplicationFilterChain.internalDoFilter(ApplicationFilterChain.java:305)
	at org.apache.catalina.core.ApplicationFilterChain.doFilter(ApplicationFilterChain.java:210)
	at org.codehaus.groovy.grails.web.mapping.filter.UrlMappingsFilter.processFilterChain(UrlMappingsFilter.java:364)
	at org.codehaus.groovy.grails.web.mapping.filter.UrlMappingsFilter.doFilterInternal(UrlMappingsFilter.java:231)
	at org.springframework.web.filter.OncePerRequestFilter.doFilter(OncePerRequestFilter.java:76)
	at org.apache.catalina.core.ApplicationFilterChain.internalDoFilter(ApplicationFilterChain.java:243)
	at org.apache.catalina.core.ApplicationFilterChain.doFilter(ApplicationFilterChain.java:210)
	at org.codehaus.groovy.grails.web.sitemesh.GrailsPageFilter.obtainContent(GrailsPageFilter.java:200)
	at org.codehaus.groovy.grails.web.sitemesh.GrailsPageFilter.doFilter(GrailsPageFilter.java:151)
	at org.apache.catalina.core.ApplicationFilterChain.internalDoFilter(ApplicationFilterChain.java:243)
	at org.apache.catalina.core.ApplicationFilterChain.doFilter(ApplicationFilterChain.java:210)
	at org.eclipse.jetty.servlets.CrossOriginFilter.handle(CrossOriginFilter.java:212)
	at org.eclipse.jetty.servlets.CrossOriginFilter.doFilter(CrossOriginFilter.java:179)
	at org.apache.catalina.core.ApplicationFilterChain.internalDoFilter(ApplicationFilterChain.java:243)
	at org.apache.catalina.core.ApplicationFilterChain.doFilter(ApplicationFilterChain.java:210)
	at org.springframework.security.web.FilterChainProxy$VirtualFilterChain.doFilter(FilterChainProxy.java:368)
	at org.springframework.security.web.access.intercept.FilterSecurityInterceptor.invoke(FilterSecurityInterceptor.java:109)
	at org.springframework.security.web.access.intercept.FilterSecurityInterceptor.doFilter(FilterSecurityInterceptor.java:83)
	at org.springframework.security.web.FilterChainProxy$VirtualFilterChain.doFilter(FilterChainProxy.java:380)
	at org.springframework.security.web.access.ExceptionTranslationFilter.doFilter(ExceptionTranslationFilter.java:97)
	at org.springframework.security.web.FilterChainProxy$VirtualFilterChain.doFilter(FilterChainProxy.java:380)
	at org.springframework.security.web.authentication.AnonymousAuthenticationFilter.doFilter(AnonymousAuthenticationFilter.java:78)
	at org.springframework.security.web.FilterChainProxy$VirtualFilterChain.doFilter(FilterChainProxy.java:380)
	at org.springframework.security.web.authentication.rememberme.RememberMeAuthenticationFilter.doFilter(RememberMeAuthenticationFilter.java:119)
	at org.springframework.security.web.FilterChainProxy$VirtualFilterChain.doFilter(FilterChainProxy.java:380)
	at org.springframework.security.web.servletapi.SecurityContextHolderAwareRequestFilter.doFilter(SecurityContextHolderAwareRequestFilter.java:54)
	at org.springframework.security.web.FilterChainProxy$VirtualFilterChain.doFilter(FilterChainProxy.java:380)
	at org.springframework.security.web.authentication.AbstractAuthenticationProcessingFilter.doFilter(AbstractAuthenticationProcessingFilter.java:187)
	at org.codehaus.groovy.grails.plugins.springsecurity.RequestHolderAuthenticationFilter.doFilter(RequestHolderAuthenticationFilter.java:40)
	at org.springframework.security.web.FilterChainProxy$VirtualFilterChain.doFilter(FilterChainProxy.java:380)
	at org.codehaus.groovy.grails.plugins.springsecurity.MutableLogoutFilter.doFilter(MutableLogoutFilter.java:79)
	at org.springframework.security.web.FilterChainProxy$VirtualFilterChain.doFilter(FilterChainProxy.java:380)
	at org.springframework.security.web.context.SecurityContextPersistenceFilter.doFilter(SecurityContextPersistenceFilter.java:79)
	at org.springframework.security.web.FilterChainProxy$VirtualFilterChain.doFilter(FilterChainProxy.java:380)
	at org.springframework.security.web.FilterChainProxy.doFilter(FilterChainProxy.java:169)
	at org.springframework.web.filter.DelegatingFilterProxy.invokeDelegate(DelegatingFilterProxy.java:346)
	at org.springframework.web.filter.DelegatingFilterProxy.doFilter(DelegatingFilterProxy.java:259)
	at org.apache.catalina.core.ApplicationFilterChain.internalDoFilter(ApplicationFilterChain.java:243)
	at org.apache.catalina.core.ApplicationFilterChain.doFilter(ApplicationFilterChain.java:210)
	at org.codehaus.groovy.grails.web.servlet.mvc.GrailsWebRequestFilter.doFilterInternal(GrailsWebRequestFilter.java:69)
	at org.springframework.web.filter.OncePerRequestFilter.doFilter(OncePerRequestFilter.java:76)
	at org.apache.catalina.core.ApplicationFilterChain.internalDoFilter(ApplicationFilterChain.java:243)
	at org.apache.catalina.core.ApplicationFilterChain.doFilter(ApplicationFilterChain.java:210)
	at org.codehaus.groovy.grails.web.filters.HiddenHttpMethodFilter.doFilterInternal(HiddenHttpMethodFilter.java:65)
	at org.springframework.web.filter.OncePerRequestFilter.doFilter(OncePerRequestFilter.java:76)
	at org.apache.catalina.core.ApplicationFilterChain.internalDoFilter(ApplicationFilterChain.java:243)
	at org.apache.catalina.core.ApplicationFilterChain.doFilter(ApplicationFilterChain.java:210)
	at org.springframework.web.filter.CharacterEncodingFilter.doFilterInternal(CharacterEncodingFilter.java:88)
	at org.springframework.web.filter.OncePerRequestFilter.doFilter(OncePerRequestFilter.java:76)
	at org.springframework.web.filter.DelegatingFilterProxy.invokeDelegate(DelegatingFilterProxy.java:346)
	at org.springframework.web.filter.DelegatingFilterProxy.doFilter(DelegatingFilterProxy.java:259)
	at org.apache.catalina.core.ApplicationFilterChain.internalDoFilter(ApplicationFilterChain.java:243)
	at org.apache.catalina.core.ApplicationFilterChain.doFilter(ApplicationFilterChain.java:210)
	at org.apache.catalina.core.StandardWrapperValve.invoke(StandardWrapperValve.java:225)
	at org.apache.catalina.core.StandardContextValve.invoke(StandardContextValve.java:169)
	at org.apache.catalina.core.StandardHostValve.invoke(StandardHostValve.java:168)
	at org.apache.catalina.valves.ErrorReportValve.invoke(ErrorReportValve.java:98)
	at org.apache.catalina.core.StandardEngineValve.invoke(StandardEngineValve.java:118)
	at org.apache.catalina.connector.CoyoteAdapter.service(CoyoteAdapter.java:407)
	at org.apache.coyote.http11.AbstractHttp11Processor.process(AbstractHttp11Processor.java:999)
	at org.apache.coyote.AbstractProtocol$AbstractConnectionHandler.process(AbstractProtocol.java:565)
	at org.apache.tomcat.util.net.JIoEndpoint$SocketProcessor.run(JIoEndpoint.java:309)
	at java.util.concurrent.ThreadPoolExecutor$Worker.runTask(ThreadPoolExecutor.java:886)
	at java.util.concurrent.ThreadPoolExecutor$Worker.run(ThreadPoolExecutor.java:908)
	at java.lang.Thread.run(Thread.java:680)
2012-08-15 11:22:33,585 [http-bio-8080-exec-9] ERROR StackTrace  - Full Stack Trace:
java.lang.IllegalStateException: Not supported.
	at org.eclipse.jetty.continuation.Servlet3Continuation.suspend(Servlet3Continuation.java:172)
	at org.cometd.server.transport.LongPollingTransport.handle(LongPollingTransport.java:288)
	at org.cometd.server.CometdServlet.service(CometdServlet.java:181)
	at org.eclipse.jetty.servlets.CrossOriginFilter.handle(CrossOriginFilter.java:212)
	at org.eclipse.jetty.servlets.CrossOriginFilter.doFilter(CrossOriginFilter.java:179)
	at java.util.concurrent.ThreadPoolExecutor$Worker.runTask(ThreadPoolExecutor.java:886)
	at java.util.concurrent.ThreadPoolExecutor$Worker.run(ThreadPoolExecutor.java:908)
	at java.lang.Thread.run(Thread.java:680)
